{"/Users/alvinlal/Documents/code/study/kanbanboards-client/src/App.tsx": {"path":"/Users/alvinlal/Documents/code/study/kanbanboards-client/src/App.tsx","statementMap":{"0":{"start":{"line":2,"column":2},"end":{"line":2,"column":32}}},"fnMap":{"0":{"name":"App","decl":{"start":{"line":1,"column":9},"end":{"line":1,"column":12}},"loc":{"start":{"line":1,"column":15},"end":{"line":3,"column":1}},"line":1}},"branchMap":{},"s":{"0":0},"f":{"0":0},"b":{}}
,"/Users/alvinlal/Documents/code/study/kanbanboards-client/src/main.tsx": {"path":"/Users/alvinlal/Documents/code/study/kanbanboards-client/src/main.tsx","statementMap":{"0":{"start":{"line":6,"column":0},"end":{"line":10,"column":2}}},"fnMap":{},"branchMap":{},"s":{"0":0},"f":{},"b":{}}
}
